\BOOKMARK [1][-]{section.1}{\376\377\000M\000a\000t\000h\000e\000m\000a\000g\000i\000c}{}% 1
\BOOKMARK [2][-]{subsection.1.1}{\376\377\000T\000a\000s\000k\000\040\000A}{section.1}% 2
\BOOKMARK [2][-]{subsection.1.2}{\376\377\000T\000a\000s\000k\000\040\000B}{section.1}% 3
\BOOKMARK [2][-]{subsection.1.3}{\376\377\000T\000a\000s\000k\000\040\000C}{section.1}% 4
\BOOKMARK [2][-]{subsection.1.4}{\376\377\000T\000a\000s\000k\000\040\000D}{section.1}% 5
\BOOKMARK [2][-]{subsection.1.5}{\376\377\000T\000a\000s\000k\000\040\000E}{section.1}% 6
\BOOKMARK [2][-]{subsection.1.6}{\376\377\000T\000a\000s\000k\000\040\000F}{section.1}% 7
\BOOKMARK [2][-]{subsection.1.7}{\376\377\000T\000a\000s\000k\000\040\000G}{section.1}% 8
\BOOKMARK [1][-]{section.2}{\376\377\000N\000o\000r\000m\000a\000l\000\040\000S\000a\000m\000p\000l\000i\000n\000g}{}% 9
\BOOKMARK [2][-]{subsection.2.1}{\376\377\000T\000a\000s\000k\000\040\000A}{section.2}% 10
\BOOKMARK [2][-]{subsection.2.2}{\376\377\000T\000a\000s\000k\000\040\000B}{section.2}% 11
\BOOKMARK [2][-]{subsection.2.3}{\376\377\000T\000a\000s\000k\000\040\000C}{section.2}% 12
\BOOKMARK [2][-]{subsection.2.4}{\376\377\000T\000a\000s\000k\000\040\000D}{section.2}% 13
\BOOKMARK [2][-]{subsection.2.5}{\376\377\000T\000a\000s\000k\000\040\000E\000\050\000B\000\051}{section.2}% 14
\BOOKMARK [1][-]{section.3}{\376\377\000F\000i\000t\000t\000i\000n\000g\000\040\000D\000a\000t\000a}{}% 15
\BOOKMARK [2][-]{subsection.3.1}{\376\377\000T\000a\000s\000k\000\040\000A}{section.3}% 16
\BOOKMARK [2][-]{subsection.3.2}{\376\377\000T\000a\000s\000k\000\040\000B}{section.3}% 17
\BOOKMARK [2][-]{subsection.3.3}{\376\377\000T\000a\000s\000k\000\040\000C}{section.3}% 18
\BOOKMARK [2][-]{subsection.3.4}{\376\377\000T\000a\000s\000k\000\040\000D}{section.3}% 19
\BOOKMARK [2][-]{subsection.3.5}{\376\377\000T\000a\000s\000k\000\040\000E}{section.3}% 20
\BOOKMARK [2][-]{subsection.3.6}{\376\377\000T\000a\000s\000k\000\040\000F}{section.3}% 21
\BOOKMARK [1][-]{section.4}{\376\377\000Q\000u\000a\000l\000i\000t\000y\000\040\000i\000n\000\040\000I\000n\000e\000q\000u\000a\000l\000i\000t\000i\000e\000s}{}% 22
\BOOKMARK [2][-]{subsection.4.1}{\376\377\000T\000a\000s\000k\000\040\000A}{section.4}% 23
\BOOKMARK [2][-]{subsection.4.2}{\376\377\000T\000a\000s\000k\000\040\000B}{section.4}% 24
\BOOKMARK [2][-]{subsection.4.3}{\376\377\000T\000a\000s\000k\000\040\000C}{section.4}% 25
\BOOKMARK [2][-]{subsection.4.4}{\376\377\000T\000a\000s\000k\000\040\000D}{section.4}% 26
\BOOKMARK [2][-]{subsection.4.5}{\376\377\000T\000a\000s\000k\000\040\000E}{section.4}% 27
\BOOKMARK [1][-]{section.5}{\376\377\000A\000\040\000P\000r\000e\000t\000t\000y\000\040\000"\000N\000o\000r\000m\000a\000l\000"\000\040\000M\000i\000x\000t\000u\000r\000e}{}% 28
\BOOKMARK [2][-]{subsection.5.1}{\376\377\000T\000a\000s\000k\000\040\000A}{section.5}% 29
\BOOKMARK [2][-]{subsection.5.2}{\376\377\000T\000a\000s\000k\000\040\000B}{section.5}% 30
\BOOKMARK [2][-]{subsection.5.3}{\376\377\000T\000a\000s\000k\000\040\000C}{section.5}% 31
\BOOKMARK [2][-]{subsection.5.4}{\376\377\000T\000a\000s\000k\000\040\000D\000\050\000B\000\051}{section.5}% 32
